<?xml version="1.0" encoding="UTF-8"?>
<!-- Generated by org.testng.reporters.JUnitReportReporter -->
<testsuite skipped="0" hostname="HP" name="tests.TestsOnGetDataset" tests="2" failures="0" timestamp="2020-05-26T03:45:57 GMT+05:00" time="9.014" errors="0">
  <testcase name="dataProjectionQuery" time="4.338" classname="tests.TestsOnGetDataset"/>
  <system-out/>
  <testcase name="dataNegativeProjectionQuery" time="4.676" classname="tests.TestsOnGetDataset"/>
  <system-out/>
</testsuite> <!-- tests.TestsOnGetDataset -->
